<?xml version="1.0" encoding="UTF-8"?>
<testsuite xmlns:xsi="http://www.w3.org/2001/XMLSchema-instance" xsi:noNamespaceSchemaLocation="https://maven.apache.org/surefire/maven-surefire-plugin/xsd/surefire-test-report.xsd" name="fit.AppTest" time="0.173" tests="4" errors="0" skipped="0" failures="0">
  <properties>
    <property name="java.specification.version" value="17"/>
    <property name="sun.jnu.encoding" value="UTF-8"/>
    <property name="java.class.path" value="/mnt/c/Users/emilio.resende/Projects/fit/lab-cod/a1/imc-simple-template/target/test-classes:/mnt/c/Users/emilio.resende/Projects/fit/lab-cod/a1/imc-simple-template/target/classes:/home/murta/.m2/repository/junit/junit/4.11/junit-4.11.jar:/home/murta/.m2/repository/org/hamcrest/hamcrest-core/1.3/hamcrest-core-1.3.jar:"/>
    <property name="java.vm.vendor" value="Oracle Corporation"/>
    <property name="sun.arch.data.model" value="64"/>
    <property name="java.vendor.url" value="https://java.oracle.com/"/>
    <property name="os.name" value="Linux"/>
    <property name="java.vm.specification.version" value="17"/>
    <property name="sun.java.launcher" value="SUN_STANDARD"/>
    <property name="sun.boot.library.path" value="/home/murta/.sdkman/candidates/java/17-open/lib"/>
    <property name="sun.java.command" value="/mnt/c/Users/emilio.resende/Projects/fit/lab-cod/a1/imc-simple-template/target/surefire/surefirebooter1552891163106416907.jar /mnt/c/Users/emilio.resende/Projects/fit/lab-cod/a1/imc-simple-template/target/surefire 2022-04-08T18-26-31_098-jvmRun1 surefire8408897778595972305tmp surefire_016144569196014201984tmp"/>
    <property name="jdk.debug" value="release"/>
    <property name="surefire.test.class.path" value="/mnt/c/Users/emilio.resende/Projects/fit/lab-cod/a1/imc-simple-template/target/test-classes:/mnt/c/Users/emilio.resende/Projects/fit/lab-cod/a1/imc-simple-template/target/classes:/home/murta/.m2/repository/junit/junit/4.11/junit-4.11.jar:/home/murta/.m2/repository/org/hamcrest/hamcrest-core/1.3/hamcrest-core-1.3.jar:"/>
    <property name="sun.cpu.endian" value="little"/>
    <property name="user.home" value="/home/murta"/>
    <property name="user.language" value="en"/>
    <property name="java.specification.vendor" value="Oracle Corporation"/>
    <property name="java.version.date" value="2021-09-14"/>
    <property name="java.home" value="/home/murta/.sdkman/candidates/java/17-open"/>
    <property name="file.separator" value="/"/>
    <property name="basedir" value="/mnt/c/Users/emilio.resende/Projects/fit/lab-cod/a1/imc-simple-template"/>
    <property name="java.vm.compressedOopsMode" value="Zero based"/>
    <property name="line.separator" value="&#10;"/>
    <property name="java.vm.specification.vendor" value="Oracle Corporation"/>
    <property name="java.specification.name" value="Java Platform API Specification"/>
    <property name="surefire.real.class.path" value="/mnt/c/Users/emilio.resende/Projects/fit/lab-cod/a1/imc-simple-template/target/surefire/surefirebooter1552891163106416907.jar"/>
    <property name="sun.management.compiler" value="HotSpot 64-Bit Tiered Compilers"/>
    <property name="java.runtime.version" value="17+35-2724"/>
    <property name="user.name" value="murta"/>
    <property name="path.separator" value=":"/>
    <property name="os.version" value="5.10.102.1-microsoft-standard-WSL2"/>
    <property name="java.runtime.name" value="OpenJDK Runtime Environment"/>
    <property name="file.encoding" value="UTF-8"/>
    <property name="java.vm.name" value="OpenJDK 64-Bit Server VM"/>
    <property name="localRepository" value="/home/murta/.m2/repository"/>
    <property name="java.vendor.url.bug" value="https://bugreport.java.com/bugreport/"/>
    <property name="java.io.tmpdir" value="/tmp"/>
    <property name="java.version" value="17"/>
    <property name="user.dir" value="/mnt/c/Users/emilio.resende/Projects/fit/lab-cod/a1/imc-simple-template"/>
    <property name="os.arch" value="amd64"/>
    <property name="java.vm.specification.name" value="Java Virtual Machine Specification"/>
    <property name="native.encoding" value="UTF-8"/>
    <property name="java.library.path" value="/usr/java/packages/lib:/usr/lib64:/lib64:/lib:/usr/lib"/>
    <property name="java.vm.info" value="mixed mode, sharing"/>
    <property name="java.vendor" value="Oracle Corporation"/>
    <property name="java.vm.version" value="17+35-2724"/>
    <property name="sun.io.unicode.encoding" value="UnicodeLittle"/>
    <property name="java.class.version" value="61.0"/>
  </properties>
  <testcase name="shouldCalculateMagreza" classname="fit.AppTest" time="0.012"/>
  <testcase name="shouldCalculateSobrepeso" classname="fit.AppTest" time="0"/>
  <testcase name="shouldCalculateObesidade" classname="fit.AppTest" time="0"/>
  <testcase name="shouldCalculateNormal" classname="fit.AppTest" time="0"/>
</testsuite>